{"/home/osman/Projects/nodejs-test-and-coverage/index.js": {"path":"/home/osman/Projects/nodejs-test-and-coverage/index.js","statementMap":{"0":{"start":{"line":2,"column":4},"end":{"line":2,"column":25}},"1":{"start":{"line":4,"column":2},"end":{"line":4,"column":26}},"2":{"start":{"line":6,"column":2},"end":{"line":6,"column":28}}},"fnMap":{"0":{"name":"sayHello","decl":{"start":{"line":1,"column":9},"end":{"line":1,"column":17}},"loc":{"start":{"line":1,"column":20},"end":{"line":3,"column":3}},"line":1}},"branchMap":{},"s":{"0":3,"1":1,"2":1},"f":{"0":3},"b":{},"_coverageSchema":"1a1c01bbd47fc00a2c39e90264f33305004495a9","hash":"4952747f7382c7b359603b478f0cc5137acfd05e"}
}
